# JRE version: OpenJDK Runtime Environment Temurin-21.0.8+9 (21.0.8+9) (build 21.0.8+9-LTS)
# Java VM: OpenJDK 64-Bit Server VM Temurin-21.0.8+9 (21.0.8+9-LTS, mixed mode, sharing, tiered, compressed oops, compressed class ptrs, parallel gc, windows-amd64)
GC Precious Log:
 CardTable entry size: 512
 CPUs: 12 total, 12 available
 Memory: 15766M
 Large Page Support: Disabled
 NUMA Support: Disabled
 Compressed Oops: Enabled (32-bit)
 Alignments: Space 512K, Generation 512K, Heap 2M
 Heap Min Capacity: 100M
 Heap Initial Capacity: 100M
 Heap Max Capacity: 2G
 Pre-touch: Disabled
 Parallel Workers: 10
Heap:
 PSYoungGen      total 9728K, used 224K [0x00000000d5580000, 0x00000000d6000000, 0x0000000100000000)
  eden space 8192K, 0% used [0x00000000d5580000,0x00000000d5580000,0x00000000d5d80000)
  from space 1536K, 14% used [0x00000000d5d80000,0x00000000d5db8000,0x00000000d5f00000)
  to   space 1024K, 0% used [0x00000000d5f00000,0x00000000d5f00000,0x00000000d6000000)
 ParOldGen       total 569856K, used 569488K [0x0000000080000000, 0x00000000a2c80000, 0x00000000d5580000)
  object space 569856K, 99% used [0x0000000080000000,0x00000000a2c241d8,0x00000000a2c80000)
 Metaspace       used 93086K, committed 94912K, reserved 1179648K
  class space    used 11075K, committed 11904K, reserved 1048576K
GC Heap History (20 events):
Event: 96.115 GC heap after
{Heap after GC invocations=447 (full 3):
 PSYoungGen      total 9216K, used 288K [0x00000000d5580000, 0x00000000d6000000, 0x0000000100000000)
  eden space 8704K, 0% used [0x00000000d5580000,0x00000000d5580000,0x00000000d5e00000)
  from space 512K, 56% used [0x00000000d5f80000,0x00000000d5fc8000,0x00000000d6000000)
  to   space 512K, 0% used [0x00000000d5f00000,0x00000000d5f00000,0x00000000d5f80000)
 ParOldGen       total 567296K, used 566874K [0x0000000080000000, 0x00000000a2a00000, 0x00000000d5580000)
  object space 567296K, 99% used [0x0000000080000000,0x00000000a2996bd0,0x00000000a2a00000)
 Metaspace       used 92553K, committed 94336K, reserved 1179648K
  class space    used 11061K, committed 11840K, reserved 1048576K
}
Event: 96.505 GC heap before
{Heap before GC invocations=448 (full 3):
 PSYoungGen      total 9216K, used 8992K [0x00000000d5580000, 0x00000000d6000000, 0x0000000100000000)
  eden space 8704K, 100% used [0x00000000d5580000,0x00000000d5e00000,0x00000000d5e00000)
  from space 512K, 56% used [0x00000000d5f80000,0x00000000d5fc8000,0x00000000d6000000)
  to   space 512K, 0% used [0x00000000d5f00000,0x00000000d5f00000,0x00000000d5f80000)
 ParOldGen       total 567296K, used 566874K [0x0000000080000000, 0x00000000a2a00000, 0x00000000d5580000)
  object space 567296K, 99% used [0x0000000080000000,0x00000000a2996bd0,0x00000000a2a00000)
 Metaspace       used 92595K, committed 94336K, reserved 1179648K
  class space    used 11062K, committed 11840K, reserved 1048576K
}
Event: 96.506 GC heap after
{Heap after GC invocations=448 (full 3):
 PSYoungGen      total 9216K, used 352K [0x00000000d5580000, 0x00000000d6000000, 0x0000000100000000)
  eden space 8704K, 0% used [0x00000000d5580000,0x00000000d5580000,0x00000000d5e00000)
  from space 512K, 68% used [0x00000000d5f00000,0x00000000d5f58000,0x00000000d5f80000)
  to   space 512K, 0% used [0x00000000d5f80000,0x00000000d5f80000,0x00000000d6000000)
 ParOldGen       total 567296K, used 566938K [0x0000000080000000, 0x00000000a2a00000, 0x00000000d5580000)
  object space 567296K, 99% used [0x0000000080000000,0x00000000a29a6bd0,0x00000000a2a00000)
 Metaspace       used 92595K, committed 94336K, reserved 1179648K
  class space    used 11062K, committed 11840K, reserved 1048576K
}
Event: 96.796 GC heap before
{Heap before GC invocations=449 (full 3):
 PSYoungGen      total 9216K, used 9056K [0x00000000d5580000, 0x00000000d6000000, 0x0000000100000000)
  eden space 8704K, 100% used [0x00000000d5580000,0x00000000d5e00000,0x00000000d5e00000)
  from space 512K, 68% used [0x00000000d5f00000,0x00000000d5f58000,0x00000000d5f80000)
  to   space 512K, 0% used [0x00000000d5f80000,0x00000000d5f80000,0x00000000d6000000)
 ParOldGen       total 567296K, used 566938K [0x0000000080000000, 0x00000000a2a00000, 0x00000000d5580000)
  object space 567296K, 99% used [0x0000000080000000,0x00000000a29a6bd0,0x00000000a2a00000)
 Metaspace       used 92710K, committed 94464K, reserved 1179648K
  class space    used 11063K, committed 11840K, reserved 1048576K
}
Event: 96.797 GC heap after
{Heap after GC invocations=449 (full 3):
 PSYoungGen      total 9216K, used 304K [0x00000000d5580000, 0x00000000d6000000, 0x0000000100000000)
  eden space 8704K, 0% used [0x00000000d5580000,0x00000000d5580000,0x00000000d5e00000)
  from space 512K, 59% used [0x00000000d5f80000,0x00000000d5fcc010,0x00000000d6000000)
  to   space 512K, 0% used [0x00000000d5f00000,0x00000000d5f00000,0x00000000d5f80000)
 ParOldGen       total 567296K, used 566986K [0x0000000080000000, 0x00000000a2a00000, 0x00000000d5580000)
  object space 567296K, 99% used [0x0000000080000000,0x00000000a29b2bd0,0x00000000a2a00000)
 Metaspace       used 92710K, committed 94464K, reserved 1179648K
  class space    used 11063K, committed 11840K, reserved 1048576K
}
Event: 97.101 GC heap before
{Heap before GC invocations=450 (full 3):
 PSYoungGen      total 9216K, used 9008K [0x00000000d5580000, 0x00000000d6000000, 0x0000000100000000)
  eden space 8704K, 100% used [0x00000000d5580000,0x00000000d5e00000,0x00000000d5e00000)
  from space 512K, 59% used [0x00000000d5f80000,0x00000000d5fcc010,0x00000000d6000000)
  to   space 512K, 0% used [0x00000000d5f00000,0x00000000d5f00000,0x00000000d5f80000)
 ParOldGen       total 567296K, used 566986K [0x0000000080000000, 0x00000000a2a00000, 0x00000000d5580000)
  object space 567296K, 99% used [0x0000000080000000,0x00000000a29b2bd0,0x00000000a2a00000)
 Metaspace       used 92776K, committed 94528K, reserved 1179648K
  class space    used 11068K, committed 11840K, reserved 1048576K
}
Event: 97.102 GC heap after
{Heap after GC invocations=450 (full 3):
 PSYoungGen      total 9216K, used 352K [0x00000000d5580000, 0x00000000d6000000, 0x0000000100000000)
  eden space 8704K, 0% used [0x00000000d5580000,0x00000000d5580000,0x00000000d5e00000)
  from space 512K, 68% used [0x00000000d5f00000,0x00000000d5f58000,0x00000000d5f80000)
  to   space 512K, 0% used [0x00000000d5f80000,0x00000000d5f80000,0x00000000d6000000)
 ParOldGen       total 567296K, used 567034K [0x0000000080000000, 0x00000000a2a00000, 0x00000000d5580000)
  object space 567296K, 99% used [0x0000000080000000,0x00000000a29bebd0,0x00000000a2a00000)
 Metaspace       used 92776K, committed 94528K, reserved 1179648K
  class space    used 11068K, committed 11840K, reserved 1048576K
}
Event: 97.505 GC heap before
{Heap before GC invocations=451 (full 3):
 PSYoungGen      total 9216K, used 9056K [0x00000000d5580000, 0x00000000d6000000, 0x0000000100000000)
  eden space 8704K, 100% used [0x00000000d5580000,0x00000000d5e00000,0x00000000d5e00000)
  from space 512K, 68% used [0x00000000d5f00000,0x00000000d5f58000,0x00000000d5f80000)
  to   space 512K, 0% used [0x00000000d5f80000,0x00000000d5f80000,0x00000000d6000000)
 ParOldGen       total 567296K, used 567034K [0x0000000080000000, 0x00000000a2a00000, 0x00000000d5580000)
  object space 567296K, 99% used [0x0000000080000000,0x00000000a29bebd0,0x00000000a2a00000)
 Metaspace       used 92844K, committed 94720K, reserved 1179648K
  class space    used 11073K, committed 11904K, reserved 1048576K
}
Event: 97.506 GC heap after
{Heap after GC invocations=451 (full 3):
 PSYoungGen      total 9216K, used 512K [0x00000000d5580000, 0x00000000d6100000, 0x0000000100000000)
  eden space 8704K, 0% used [0x00000000d5580000,0x00000000d5580000,0x00000000d5e00000)
  from space 512K, 100% used [0x00000000d5f80000,0x00000000d6000000,0x00000000d6000000)
  to   space 1536K, 0% used [0x00000000d5e00000,0x00000000d5e00000,0x00000000d5f80000)
 ParOldGen       total 567808K, used 567574K [0x0000000080000000, 0x00000000a2a80000, 0x00000000d5580000)
  object space 567808K, 99% used [0x0000000080000000,0x00000000a2a45ab0,0x00000000a2a80000)
 Metaspace       used 92844K, committed 94720K, reserved 1179648K
  class space    used 11073K, committed 11904K, reserved 1048576K
}
Event: 97.941 GC heap before
{Heap before GC invocations=452 (full 3):
 PSYoungGen      total 9216K, used 9216K [0x00000000d5580000, 0x00000000d6100000, 0x0000000100000000)
  eden space 8704K, 100% used [0x00000000d5580000,0x00000000d5e00000,0x00000000d5e00000)
  from space 512K, 100% used [0x00000000d5f80000,0x00000000d6000000,0x00000000d6000000)
  to   space 1536K, 0% used [0x00000000d5e00000,0x00000000d5e00000,0x00000000d5f80000)
 ParOldGen       total 567808K, used 567574K [0x0000000080000000, 0x00000000a2a80000, 0x00000000d5580000)
  object space 567808K, 99% used [0x0000000080000000,0x00000000a2a45ab0,0x00000000a2a80000)
 Metaspace       used 92922K, committed 94784K, reserved 1179648K
  class space    used 11073K, committed 11904K, reserved 1048576K
}
Event: 97.942 GC heap after
{Heap after GC invocations=452 (full 3):
 PSYoungGen      total 10240K, used 1280K [0x00000000d5580000, 0x00000000d6100000, 0x0000000100000000)
  eden space 8704K, 0% used [0x00000000d5580000,0x00000000d5580000,0x00000000d5e00000)
  from space 1536K, 83% used [0x00000000d5e00000,0x00000000d5f40000,0x00000000d5f80000)
  to   space 1536K, 0% used [0x00000000d5f80000,0x00000000d5f80000,0x00000000d6100000)
 ParOldGen       total 568320K, used 567997K [0x0000000080000000, 0x00000000a2b00000, 0x00000000d5580000)
  object space 568320K, 99% used [0x0000000080000000,0x00000000a2aaf6a0,0x00000000a2b00000)
 Metaspace       used 92922K, committed 94784K, reserved 1179648K
  class space    used 11073K, committed 11904K, reserved 1048576K
}
Event: 98.210 GC heap before
{Heap before GC invocations=453 (full 3):
 PSYoungGen      total 10240K, used 9984K [0x00000000d5580000, 0x00000000d6100000, 0x0000000100000000)
  eden space 8704K, 100% used [0x00000000d5580000,0x00000000d5e00000,0x00000000d5e00000)
  from space 1536K, 83% used [0x00000000d5e00000,0x00000000d5f40000,0x00000000d5f80000)
  to   space 1536K, 0% used [0x00000000d5f80000,0x00000000d5f80000,0x00000000d6100000)
 ParOldGen       total 568320K, used 567997K [0x0000000080000000, 0x00000000a2b00000, 0x00000000d5580000)
  object space 568320K, 99% used [0x0000000080000000,0x00000000a2aaf6a0,0x00000000a2b00000)
 Metaspace       used 92969K, committed 94784K, reserved 1179648K
  class space    used 11073K, committed 11904K, reserved 1048576K
}
Event: 98.211 GC heap after
{Heap after GC invocations=453 (full 3):
 PSYoungGen      total 9216K, used 432K [0x00000000d5580000, 0x00000000d6000000, 0x0000000100000000)
  eden space 8704K, 0% used [0x00000000d5580000,0x00000000d5580000,0x00000000d5e00000)
  from space 512K, 84% used [0x00000000d5f80000,0x00000000d5fec010,0x00000000d6000000)
  to   space 1024K, 0% used [0x00000000d5e00000,0x00000000d5e00000,0x00000000d5f00000)
 ParOldGen       total 568832K, used 568676K [0x0000000080000000, 0x00000000a2b80000, 0x00000000d5580000)
  object space 568832K, 99% used [0x0000000080000000,0x00000000a2b590f0,0x00000000a2b80000)
 Metaspace       used 92969K, committed 94784K, reserved 1179648K
  class space    used 11073K, committed 11904K, reserved 1048576K
}
Event: 98.854 GC heap before
{Heap before GC invocations=454 (full 3):
 PSYoungGen      total 9216K, used 9136K [0x00000000d5580000, 0x00000000d6000000, 0x0000000100000000)
  eden space 8704K, 100% used [0x00000000d5580000,0x00000000d5e00000,0x00000000d5e00000)
  from space 512K, 84% used [0x00000000d5f80000,0x00000000d5fec010,0x00000000d6000000)
  to   space 1024K, 0% used [0x00000000d5e00000,0x00000000d5e00000,0x00000000d5f00000)
 ParOldGen       total 568832K, used 568676K [0x0000000080000000, 0x00000000a2b80000, 0x00000000d5580000)
  object space 568832K, 99% used [0x0000000080000000,0x00000000a2b590f0,0x00000000a2b80000)
 Metaspace       used 93015K, committed 94848K, reserved 1179648K
  class space    used 11075K, committed 11904K, reserved 1048576K
}
Event: 98.855 GC heap after
{Heap after GC invocations=454 (full 3):
 PSYoungGen      total 9728K, used 576K [0x00000000d5580000, 0x00000000d6000000, 0x0000000100000000)
  eden space 8704K, 0% used [0x00000000d5580000,0x00000000d5580000,0x00000000d5e00000)
  from space 1024K, 56% used [0x00000000d5e00000,0x00000000d5e90020,0x00000000d5f00000)
  to   space 1024K, 0% used [0x00000000d5f00000,0x00000000d5f00000,0x00000000d6000000)
 ParOldGen       total 568832K, used 568732K [0x0000000080000000, 0x00000000a2b80000, 0x00000000d5580000)
  object space 568832K, 99% used [0x0000000080000000,0x00000000a2b670f0,0x00000000a2b80000)
 Metaspace       used 93015K, committed 94848K, reserved 1179648K
  class space    used 11075K, committed 11904K, reserved 1048576K
}
Event: 99.476 GC heap before
{Heap before GC invocations=455 (full 3):
 PSYoungGen      total 9728K, used 9280K [0x00000000d5580000, 0x00000000d6000000, 0x0000000100000000)
  eden space 8704K, 99% used [0x00000000d5580000,0x00000000d5dfffe0,0x00000000d5e00000)
  from space 1024K, 56% used [0x00000000d5e00000,0x00000000d5e90020,0x00000000d5f00000)
  to   space 1024K, 0% used [0x00000000d5f00000,0x00000000d5f00000,0x00000000d6000000)
 ParOldGen       total 568832K, used 568732K [0x0000000080000000, 0x00000000a2b80000, 0x00000000d5580000)
  object space 568832K, 99% used [0x0000000080000000,0x00000000a2b670f0,0x00000000a2b80000)
 Metaspace       used 93057K, committed 94848K, reserved 1179648K
  class space    used 11075K, committed 11904K, reserved 1048576K
}
Event: 99.477 GC heap after
{Heap after GC invocations=455 (full 3):
 PSYoungGen      total 9216K, used 992K [0x00000000d5580000, 0x00000000d6100000, 0x0000000100000000)
  eden space 8192K, 0% used [0x00000000d5580000,0x00000000d5580000,0x00000000d5d80000)
  from space 1024K, 96% used [0x00000000d5f00000,0x00000000d5ff8020,0x00000000d6000000)
  to   space 1536K, 0% used [0x00000000d5d80000,0x00000000d5d80000,0x00000000d5f00000)
 ParOldGen       total 569344K, used 568860K [0x0000000080000000, 0x00000000a2c00000, 0x00000000d5580000)
  object space 569344K, 99% used [0x0000000080000000,0x00000000a2b87110,0x00000000a2c00000)
 Metaspace       used 93057K, committed 94848K, reserved 1179648K
  class space    used 11075K, committed 11904K, reserved 1048576K
}
Event: 99.904 GC heap before
{Heap before GC invocations=456 (full 3):
 PSYoungGen      total 9216K, used 4227K [0x00000000d5580000, 0x00000000d6100000, 0x0000000100000000)
  eden space 8192K, 39% used [0x00000000d5580000,0x00000000d58a8dc8,0x00000000d5d80000)
  from space 1024K, 96% used [0x00000000d5f00000,0x00000000d5ff8020,0x00000000d6000000)
  to   space 1536K, 0% used [0x00000000d5d80000,0x00000000d5d80000,0x00000000d5f00000)
 ParOldGen       total 569344K, used 568860K [0x0000000080000000, 0x00000000a2c00000, 0x00000000d5580000)
  object space 569344K, 99% used [0x0000000080000000,0x00000000a2b87110,0x00000000a2c00000)
 Metaspace       used 93086K, committed 94912K, reserved 1179648K
  class space    used 11075K, committed 11904K, reserved 1048576K
}
Event: 99.906 GC heap after
{Heap after GC invocations=456 (full 3):
 PSYoungGen      total 9728K, used 224K [0x00000000d5580000, 0x00000000d6000000, 0x0000000100000000)
  eden space 8192K, 0% used [0x00000000d5580000,0x00000000d5580000,0x00000000d5d80000)
  from space 1536K, 14% used [0x00000000d5d80000,0x00000000d5db8000,0x00000000d5f00000)
  to   space 1024K, 0% used [0x00000000d5f00000,0x00000000d5f00000,0x00000000d6000000)
 ParOldGen       total 569856K, used 569488K [0x0000000080000000, 0x00000000a2c80000, 0x00000000d5580000)
  object space 569856K, 99% used [0x0000000080000000,0x00000000a2c241d8,0x00000000a2c80000)
 Metaspace       used 93086K, committed 94912K, reserved 1179648K
  class space    used 11075K, committed 11904K, reserved 1048576K
}
Event: 99.906 GC heap before
{Heap before GC invocations=457 (full 4):
 PSYoungGen      total 9728K, used 224K [0x00000000d5580000, 0x00000000d6000000, 0x0000000100000000)
  eden space 8192K, 0% used [0x00000000d5580000,0x00000000d5580000,0x00000000d5d80000)
  from space 1536K, 14% used [0x00000000d5d80000,0x00000000d5db8000,0x00000000d5f00000)
  to   space 1024K, 0% used [0x00000000d5f00000,0x00000000d5f00000,0x00000000d6000000)
 ParOldGen       total 569856K, used 569488K [0x0000000080000000, 0x00000000a2c80000, 0x00000000d5580000)
  object space 569856K, 99% used [0x0000000080000000,0x00000000a2c241d8,0x00000000a2c80000)
 Metaspace       used 93086K, committed 94912K, reserved 1179648K
  class space    used 11075K, committed 11904K, reserved 1048576K
}

